<?xml version='1.0' encoding='UTF-8'?>
<testsuite hostname="DESKTOP-L0KFFA6" name="ScalaWarmUpTest" tests="8" errors="0" failures="0" skipped="0" time="0.0">
                     <properties>
[...]
</properties>
                     <testcase classname="ScalaWarmUpTest" name="flatten1" time="0.0">
                                                 
                                               </testcase><testcase classname="ScalaWarmUpTest" name="flatten2" time="0.0">
                                                 
                                               </testcase><testcase classname="ScalaWarmUpTest" name="flatten3" time="0.0">
                                                 
                                               </testcase><testcase classname="ScalaWarmUpTest" name="flatten4" time="0.0">
                                                 
                                               </testcase><testcase classname="ScalaWarmUpTest" name="nil" time="0.0">
                                                 
                                               </testcase><testcase classname="ScalaWarmUpTest" name="singleton" time="0.0">
                                                 
                                               </testcase><testcase classname="ScalaWarmUpTest" name="reverse" time="0.0">
                                                 
                                               </testcase><testcase classname="ScalaWarmUpTest" name="dont use flatten for reverse" time="0.0">
                                                 
                                               </testcase>
                     <system-out><![CDATA[]]></system-out>
                     <system-err><![CDATA[]]></system-err>
                   </testsuite>